Check 1: Not Safe Row - [74, 76, 78, 79, 76]
Check 1: Not Safe Row - [38, 40, 43, 44, 44]
Check 2: Not Safe Row - [1, 2, 4, 6, 8, 9, 13]
Check 2: Not Safe Row - [65, 68, 70, 72, 75, 76, 81]
Check 1: Not Safe Row - [89, 91, 92, 95, 93, 94]
Check 1: Not Safe Row - [15, 17, 16, 18, 19, 17]
Check 1: Not Safe Row - [46, 47, 45, 48, 51, 52, 52]
Check 1: Not Safe Row - [77, 78, 79, 82, 79, 83]
Check 1: Not Safe Row - [55, 58, 59, 57, 60, 61, 68]
Check 1: Not Safe Row - [79, 82, 84, 84, 85, 86]
Check 1: Not Safe Row - [23, 24, 25, 25, 23]
Check 1: Not Safe Row - [23, 26, 27, 28, 31, 31, 31]
Check 1: Not Safe Row - [42, 43, 43, 44, 48]
Check 1: Not Safe Row - [72, 74, 74, 77, 82]
Check 2: Not Safe Row - [85, 86, 87, 88, 89, 93, 94]
Check 1: Not Safe Row - [48, 50, 51, 53, 57, 59, 62, 61]
Check 1: Not Safe Row - [29, 32, 34, 38, 38]
Check 2: Not Safe Row - [71, 73, 75, 78, 82, 85, 88, 92]
Check 2: Not Safe Row - [1, 4, 7, 8, 12, 18]
Check 2: Not Safe Row - [16, 17, 20, 25, 27, 30, 33]
Check 1: Not Safe Row - [49, 52, 55, 62, 63, 66, 68, 67]
Check 1: Not Safe Row - [69, 71, 74, 76, 78, 80, 85, 85]
Check 2: Not Safe Row - [34, 36, 39, 42, 48, 49, 53]
Check 2: Not Safe Row - [48, 51, 52, 55, 61, 67]
Check 1: Not Safe Row - [55, 54, 57, 60, 61]
Check 1: Not Safe Row - [34, 33, 34, 37, 39, 40, 43, 40]
Check 1: Not Safe Row - [23, 20, 23, 24, 26, 29, 29]
Check 1: Not Safe Row - [22, 21, 23, 26, 27, 30, 31, 35]
Check 1: Not Safe Row - [79, 76, 78, 81, 82, 89]
Check 1: Not Safe Row - [39, 38, 41, 38, 39, 42]
Check 1: Not Safe Row - [47, 45, 48, 50, 51, 52, 50, 48]
Check 1: Not Safe Row - [57, 55, 58, 59, 62, 60, 61, 61]
Check 1: Not Safe Row - [94, 92, 89, 91, 92, 96]
Check 1: Not Safe Row - [67, 66, 69, 70, 71, 72, 71, 78]
Check 1: Not Safe Row - [41, 39, 42, 45, 45, 46]
Check 1: Not Safe Row - [39, 38, 41, 41, 44, 41]
Check 1: Not Safe Row - [21, 20, 22, 23, 26, 26, 29, 29]
Check 1: Not Safe Row - [36, 35, 36, 39, 39, 43]
Check 1: Not Safe Row - [60, 57, 58, 58, 63]
Check 1: Not Safe Row - [12, 11, 13, 17, 18]
Check 1: Not Safe Row - [49, 46, 47, 49, 52, 56, 53]
Check 1: Not Safe Row - [30, 28, 29, 31, 32, 36, 36]
Check 1: Not Safe Row - [81, 80, 82, 86, 89, 91, 95]
Check 1: Not Safe Row - [60, 59, 63, 66, 71]
Check 1: Not Safe Row - [71, 68, 69, 75, 76, 78]
Check 1: Not Safe Row - [24, 22, 25, 27, 28, 30, 37, 35]
Check 1: Not Safe Row - [6, 5, 12, 14, 17, 20, 20]
Check 1: Not Safe Row - [56, 54, 60, 62, 66]
Check 1: Not Safe Row - [82, 81, 88, 89, 94]
Check 1: Not Safe Row - [52, 52, 54, 57, 60, 62, 64]
Check 1: Not Safe Row - [3, 3, 4, 6, 9, 12, 10]
Check 1: Not Safe Row - [89, 89, 92, 95, 97, 97]
Check 1: Not Safe Row - [67, 67, 69, 72, 75, 78, 82]
Check 1: Not Safe Row - [8, 8, 10, 12, 19]
Check 1: Not Safe Row - [10, 10, 12, 13, 10, 11]
Check 1: Not Safe Row - [59, 59, 60, 63, 61, 64, 65, 64]
Check 1: Not Safe Row - [68, 68, 70, 71, 70, 70]
Check 1: Not Safe Row - [31, 31, 30, 31, 33, 37]
Check 1: Not Safe Row - [63, 63, 60, 63, 68]
Check 1: Not Safe Row - [52, 52, 52, 55, 58, 60, 61, 64]
Check 1: Not Safe Row - [34, 34, 37, 39, 42, 42, 43, 41]
Check 1: Not Safe Row - [35, 35, 36, 39, 39, 40, 40]
Check 1: Not Safe Row - [69, 69, 69, 72, 73, 74, 78]
Check 1: Not Safe Row - [41, 41, 41, 43, 50]
Check 1: Not Safe Row - [27, 27, 30, 33, 37, 40, 42]
Check 1: Not Safe Row - [61, 61, 63, 65, 69, 67]
Check 1: Not Safe Row - [3, 3, 5, 7, 11, 14, 14]
Check 1: Not Safe Row - [58, 58, 60, 62, 64, 68, 69, 73]
Check 1: Not Safe Row - [21, 21, 25, 26, 29, 35]
Check 1: Not Safe Row - [76, 76, 79, 85, 88]
Check 1: Not Safe Row - [49, 49, 50, 53, 55, 60, 58]
Check 1: Not Safe Row - [79, 79, 84, 87, 87]
Check 1: Not Safe Row - [63, 63, 64, 66, 67, 72, 74, 78]
Check 1: Not Safe Row - [68, 68, 70, 72, 78, 81, 82, 87]
Check 2: Not Safe Row - [43, 47, 49, 50, 53, 56, 59, 61]
Check 1: Not Safe Row - [62, 66, 68, 70, 73, 74, 75, 72]
Check 1: Not Safe Row - [21, 25, 26, 29, 31, 31]
Check 2: Not Safe Row - [16, 20, 21, 23, 24, 27, 31]
Check 2: Not Safe Row - [23, 27, 30, 31, 33, 40]
Check 1: Not Safe Row - [42, 46, 47, 50, 47, 50]
Check 1: Not Safe Row - [76, 80, 81, 83, 85, 84, 83]
Check 1: Not Safe Row - [13, 17, 20, 23, 26, 27, 25, 25]
Check 1: Not Safe Row - [8, 12, 9, 10, 13, 14, 15, 19]
Check 1: Not Safe Row - [18, 22, 23, 26, 27, 29, 27, 34]
Check 1: Not Safe Row - [42, 46, 46, 48, 49]
Check 1: Not Safe Row - [52, 56, 59, 60, 60, 62, 64, 61]
Check 1: Not Safe Row - [77, 81, 82, 82, 84, 84]
Check 1: Not Safe Row - [76, 80, 80, 82, 86]
Check 1: Not Safe Row - [53, 57, 60, 62, 63, 64, 64, 70]
Check 2: Not Safe Row - [16, 20, 24, 27, 29, 32]
Check 1: Not Safe Row - [51, 55, 57, 61, 63, 65, 62]
Check 1: Not Safe Row - [82, 86, 90, 91, 91]
Check 2: Not Safe Row - [61, 65, 66, 69, 73, 77]
Check 2: Not Safe Row - [38, 42, 44, 48, 50, 53, 55, 62]
Check 2: Not Safe Row - [13, 17, 19, 25, 27, 28, 31]
Check 1: Not Safe Row - [32, 36, 41, 43, 41]
Check 1: Not Safe Row - [63, 67, 68, 71, 77, 77]
Check 2: Not Safe Row - [23, 27, 28, 31, 38, 40, 44]
Check 2: Not Safe Row - [45, 49, 50, 55, 56, 58, 59, 64]
Check 2: Not Safe Row - [71, 77, 78, 81, 83]
Check 1: Not Safe Row - [26, 33, 35, 36, 37, 35]
Check 1: Not Safe Row - [57, 64, 65, 66, 66]
Check 2: Not Safe Row - [11, 16, 18, 20, 22, 24, 25, 29]
Check 2: Not Safe Row - [35, 41, 44, 47, 48, 49, 50, 55]
Check 1: Not Safe Row - [52, 59, 60, 57, 60, 63]
Check 1: Not Safe Row - [51, 58, 57, 59, 61, 59]
Check 1: Not Safe Row - [4, 10, 8, 9, 12, 13, 15, 15]
Check 1: Not Safe Row - [27, 33, 35, 32, 33, 35, 39]
Check 1: Not Safe Row - [20, 26, 25, 26, 27, 29, 31, 38]
Check 1: Not Safe Row - [36, 41, 43, 44, 44, 47]
Check 1: Not Safe Row - [48, 54, 57, 60, 61, 61, 63, 62]
Check 1: Not Safe Row - [40, 46, 49, 50, 52, 52, 52]
Check 1: Not Safe Row - [13, 20, 22, 22, 25, 29]
Check 1: Not Safe Row - [45, 52, 52, 55, 61]
Check 2: Not Safe Row - [73, 78, 79, 82, 85, 88, 92, 95]
Check 1: Not Safe Row - [51, 57, 60, 61, 65, 67, 70, 67]
Check 1: Not Safe Row - [6, 12, 16, 19, 20, 22, 23, 23]
Check 2: Not Safe Row - [12, 18, 22, 25, 26, 30]
Check 2: Not Safe Row - [56, 61, 65, 66, 72]
Check 2: Not Safe Row - [25, 30, 33, 38, 41, 43]
Check 1: Not Safe Row - [64, 70, 76, 79, 77]
Check 1: Not Safe Row - [36, 41, 48, 49, 49]
Check 2: Not Safe Row - [59, 64, 66, 68, 74, 77, 81]
Check 2: Not Safe Row - [44, 51, 57, 59, 64]
Check 1: Not Safe Row - [87, 86, 83, 82, 81, 78, 77, 80]
Check 1: Not Safe Row - [55, 52, 51, 49, 49]
Check 2: Not Safe Row - [46, 43, 41, 39, 38, 37, 33]
Check 2: Not Safe Row - [33, 31, 28, 27, 26, 24, 22, 17]
Check 1: Not Safe Row - [83, 80, 78, 77, 79, 76, 73]
Check 1: Not Safe Row - [51, 49, 47, 46, 48, 46, 44, 46]
Check 1: Not Safe Row - [56, 55, 52, 55, 52, 52]
Check 1: Not Safe Row - [13, 10, 9, 12, 11, 7]
Check 1: Not Safe Row - [36, 33, 31, 34, 27]
Check 1: Not Safe Row - [77, 76, 75, 75, 73, 70, 68]
Check 1: Not Safe Row - [93, 91, 91, 89, 88, 86, 83, 86]
Check 1: Not Safe Row - [92, 89, 89, 86, 86]
Check 1: Not Safe Row - [51, 48, 48, 46, 42]
Check 1: Not Safe Row - [41, 38, 38, 37, 34, 29]
Check 2: Not Safe Row - [51, 50, 48, 46, 42, 40]
Check 1: Not Safe Row - [84, 83, 79, 78, 80]
Check 1: Not Safe Row - [19, 16, 13, 11, 9, 5, 5]
Check 2: Not Safe Row - [70, 67, 66, 62, 61, 57]
Check 2: Not Safe Row - [73, 71, 70, 69, 68, 64, 58]
Check 2: Not Safe Row - [93, 92, 91, 88, 81, 80, 78]
Check 1: Not Safe Row - [56, 54, 52, 50, 45, 46]
Check 1: Not Safe Row - [51, 48, 45, 43, 37, 37]
Check 2: Not Safe Row - [82, 80, 74, 71, 67]
Check 2: Not Safe Row - [59, 56, 54, 52, 50, 47, 40, 35]
Check 1: Not Safe Row - [17, 20, 19, 18, 16, 13, 10, 7]
Check 1: Not Safe Row - [74, 76, 73, 72, 69, 67, 65, 67]
Check 1: Not Safe Row - [95, 96, 93, 92, 92]
Check 1: Not Safe Row - [25, 28, 26, 23, 20, 17, 13]
Check 1: Not Safe Row - [43, 45, 42, 40, 38, 32]
Check 1: Not Safe Row - [91, 92, 93, 91, 88]
Check 1: Not Safe Row - [41, 44, 42, 39, 38, 39, 42]
Check 1: Not Safe Row - [41, 43, 42, 41, 42, 40, 40]
Check 1: Not Safe Row - [63, 66, 68, 67, 63]
Check 1: Not Safe Row - [65, 66, 64, 62, 64, 61, 59, 53]
Check 1: Not Safe Row - [84, 85, 82, 82, 81, 78, 77, 75]
Check 1: Not Safe Row - [23, 26, 25, 24, 24, 22, 23]
Check 1: Not Safe Row - [30, 31, 29, 27, 25, 25, 25]
Check 1: Not Safe Row - [31, 32, 31, 31, 29, 28, 26, 22]
Check 1: Not Safe Row - [12, 15, 15, 13, 6]
Check 1: Not Safe Row - [13, 14, 12, 9, 5, 2]
Check 1: Not Safe Row - [10, 12, 10, 6, 8]
Check 1: Not Safe Row - [61, 64, 62, 60, 58, 54, 51, 51]
Check 1: Not Safe Row - [92, 93, 89, 86, 82]
Check 1: Not Safe Row - [69, 70, 67, 66, 63, 59, 54]
Check 1: Not Safe Row - [80, 81, 79, 77, 74, 68, 66]
Check 1: Not Safe Row - [64, 67, 61, 59, 56, 58]
Check 1: Not Safe Row - [65, 67, 60, 57, 56, 54, 52, 52]
Check 1: Not Safe Row - [51, 52, 51, 49, 47, 40, 38, 34]
Check 1: Not Safe Row - [51, 52, 51, 49, 43, 36]
Check 1: Not Safe Row - [87, 87, 84, 82, 81, 78, 75, 73]
Check 1: Not Safe Row - [37, 37, 36, 35, 33, 36]
Check 1: Not Safe Row - [71, 71, 69, 68, 65, 63, 63]
Check 1: Not Safe Row - [16, 16, 15, 13, 9]
Check 1: Not Safe Row - [49, 49, 46, 44, 38]
Check 1: Not Safe Row - [64, 64, 67, 65, 63]
Check 1: Not Safe Row - [7, 7, 10, 8, 6, 3, 5]
Check 1: Not Safe Row - [30, 30, 27, 24, 21, 19, 21, 21]
Check 1: Not Safe Row - [57, 57, 56, 58, 56, 52]
Check 1: Not Safe Row - [79, 79, 82, 79, 74]
Check 1: Not Safe Row - [23, 23, 21, 19, 16, 16, 14, 13]
Check 1: Not Safe Row - [91, 91, 91, 88, 87, 84, 83, 84]
Check 1: Not Safe Row - [98, 98, 95, 94, 94, 94]
Check 1: Not Safe Row - [93, 93, 91, 88, 88, 87, 83]
Check 1: Not Safe Row - [32, 32, 31, 29, 29, 28, 22]
Check 1: Not Safe Row - [33, 33, 31, 30, 28, 24, 23, 22]
Check 1: Not Safe Row - [49, 49, 46, 43, 41, 37, 34, 35]
Check 1: Not Safe Row - [65, 65, 61, 58, 58]
Check 1: Not Safe Row - [56, 56, 55, 54, 50, 47, 45, 41]
Check 1: Not Safe Row - [17, 17, 16, 12, 5]
Check 1: Not Safe Row - [63, 63, 60, 59, 58, 51, 50, 47]
Check 1: Not Safe Row - [48, 48, 43, 42, 41, 40, 37, 39]
Check 1: Not Safe Row - [90, 90, 84, 83, 83]
Check 1: Not Safe Row - [48, 48, 42, 40, 39, 35]
Check 1: Not Safe Row - [50, 50, 47, 44, 41, 36, 34, 29]
Check 2: Not Safe Row - [34, 30, 27, 24, 23]
Check 1: Not Safe Row - [84, 80, 79, 78, 80]
Check 1: Not Safe Row - [79, 75, 73, 71, 69, 67, 64, 64]
Check 2: Not Safe Row - [16, 12, 11, 9, 8, 4]
Check 2: Not Safe Row - [30, 26, 25, 23, 22, 21, 20, 15]
Check 1: Not Safe Row - [13, 9, 11, 8, 7]
Check 1: Not Safe Row - [26, 22, 21, 20, 19, 20, 21]
Check 1: Not Safe Row - [27, 23, 25, 22, 20, 18, 18]
Check 1: Not Safe Row - [37, 33, 31, 32, 29, 25]
Check 1: Not Safe Row - [45, 41, 38, 37, 34, 32, 35, 28]
Check 1: Not Safe Row - [56, 52, 50, 50, 48]
Check 1: Not Safe Row - [19, 15, 13, 10, 10, 8, 11]
Check 1: Not Safe Row - [18, 14, 14, 12, 12]
Check 1: Not Safe Row - [81, 77, 76, 76, 72]
Check 1: Not Safe Row - [81, 77, 77, 74, 68]
Check 2: Not Safe Row - [43, 39, 38, 36, 32, 31, 28, 27]
Check 1: Not Safe Row - [98, 94, 93, 89, 92]
Check 1: Not Safe Row - [64, 60, 56, 53, 52, 51, 51]
Check 2: Not Safe Row - [93, 89, 88, 85, 81, 77]
Check 2: Not Safe Row - [31, 27, 23, 21, 18, 17, 16, 9]
Check 2: Not Safe Row - [84, 80, 79, 77, 75, 69, 68]
Check 1: Not Safe Row - [80, 76, 73, 68, 65, 68]
Check 1: Not Safe Row - [97, 93, 86, 83, 81, 81]
Check 2: Not Safe Row - [47, 43, 38, 36, 35, 34, 33, 29]
Check 2: Not Safe Row - [69, 65, 63, 58, 53]
Check 2: Not Safe Row - [37, 30, 27, 24, 22, 19, 16]
Check 1: Not Safe Row - [95, 88, 85, 84, 83, 85]
Check 1: Not Safe Row - [22, 17, 14, 11, 11]
Check 2: Not Safe Row - [93, 88, 87, 86, 83, 81, 80, 76]
Check 2: Not Safe Row - [86, 81, 80, 77, 76, 73, 66]
Check 1: Not Safe Row - [96, 91, 89, 90, 89, 87]
Check 1: Not Safe Row - [84, 77, 75, 78, 76, 73, 76]
Check 1: Not Safe Row - [12, 7, 9, 7, 7]
Check 1: Not Safe Row - [99, 94, 92, 94, 92, 90, 87, 83]
Check 1: Not Safe Row - [32, 25, 23, 20, 17, 16, 17, 10]
Check 1: Not Safe Row - [94, 89, 88, 88, 86, 84, 83, 80]
Check 1: Not Safe Row - [56, 51, 51, 50, 49, 47, 46, 48]
Check 1: Not Safe Row - [89, 84, 82, 80, 80, 77, 77]
Check 1: Not Safe Row - [71, 64, 63, 63, 59]
Check 1: Not Safe Row - [71, 64, 62, 62, 55]
Check 2: Not Safe Row - [41, 35, 32, 29, 25, 22, 19]
Check 1: Not Safe Row - [76, 69, 67, 65, 64, 60, 58, 60]
Check 1: Not Safe Row - [50, 44, 43, 41, 40, 36, 36]
Check 2: Not Safe Row - [43, 37, 33, 32, 28]
Check 2: Not Safe Row - [33, 27, 23, 21, 18, 15, 14, 9]
Check 2: Not Safe Row - [60, 53, 47, 46, 45]
Check 1: Not Safe Row - [52, 45, 39, 37, 34, 35]
Check 1: Not Safe Row - [20, 13, 10, 8, 3, 3]
Check 2: Not Safe Row - [47, 40, 38, 32, 30, 28, 26, 22]
Check 2: Not Safe Row - [72, 65, 58, 55, 50]
Check 1: Not Safe Row - [9, 10, 11, 14, 17, 19, 17]
Check 1: Not Safe Row - [47, 49, 51, 54, 57, 57]
Check 2: Not Safe Row - [38, 40, 41, 43, 45, 49]
Check 2: Not Safe Row - [39, 40, 41, 43, 44, 45, 52]
Check 1: Not Safe Row - [18, 20, 18, 21, 24, 25, 27, 30]
Check 1: Not Safe Row - [86, 89, 87, 88, 90, 93, 94, 91]
Check 1: Not Safe Row - [85, 86, 88, 90, 88, 90, 93, 93]
Check 1: Not Safe Row - [51, 53, 54, 56, 54, 58]
Check 1: Not Safe Row - [27, 30, 28, 31, 32, 37]
Check 1: Not Safe Row - [57, 60, 63, 63, 65]
Check 1: Not Safe Row - [52, 54, 54, 56, 55]
Check 1: Not Safe Row - [25, 27, 30, 30, 30]
Check 1: Not Safe Row - [69, 70, 73, 74, 74, 76, 80]
Check 1: Not Safe Row - [15, 16, 18, 18, 19, 21, 28]
Check 2: Not Safe Row - [23, 24, 27, 31, 33]
Check 1: Not Safe Row - [24, 27, 30, 34, 36, 37, 35]
Check 1: Not Safe Row - [50, 52, 54, 56, 59, 63, 66, 66]
Check 2: Not Safe Row - [78, 79, 83, 84, 87, 88, 92]
Check 2: Not Safe Row - [17, 18, 20, 21, 25, 31]
Check 2: Not Safe Row - [39, 42, 44, 51, 54, 56, 58]
Check 1: Not Safe Row - [10, 13, 20, 23, 20]
Check 1: Not Safe Row - [8, 9, 10, 15, 18, 18]
Check 2: Not Safe Row - [49, 50, 56, 58, 60, 62, 65, 69]
Check 2: Not Safe Row - [11, 14, 21, 22, 29]
Check 1: Not Safe Row - [88, 87, 90, 93, 94, 96]
Check 1: Not Safe Row - [90, 87, 88, 90, 87]
Check 1: Not Safe Row - [48, 45, 47, 48, 48]
Check 1: Not Safe Row - [37, 36, 39, 41, 42, 45, 46, 50]
Check 1: Not Safe Row - [3, 1, 2, 3, 4, 10]
Check 1: Not Safe Row - [77, 76, 75, 78, 81, 82]
Check 1: Not Safe Row - [38, 35, 33, 34, 31]
Check 1: Not Safe Row - [41, 38, 41, 44, 42, 42]
Check 1: Not Safe Row - [13, 12, 10, 12, 16]
Check 1: Not Safe Row - [19, 17, 14, 15, 16, 22]
Check 1: Not Safe Row - [14, 12, 14, 15, 15, 18, 20, 22]
Check 1: Not Safe Row - [29, 27, 30, 30, 31, 30]
Check 1: Not Safe Row - [60, 57, 59, 59, 59]
Check 1: Not Safe Row - [78, 76, 77, 80, 80, 82, 86]
Check 1: Not Safe Row - [57, 54, 57, 57, 63]
Check 1: Not Safe Row - [36, 35, 37, 40, 44, 46]
Check 1: Not Safe Row - [42, 40, 41, 44, 48, 45]
Check 1: Not Safe Row - [74, 72, 74, 77, 78, 82, 82]
Check 1: Not Safe Row - [12, 11, 12, 16, 20]
Check 1: Not Safe Row - [79, 77, 78, 81, 83, 86, 90, 95]
Check 1: Not Safe Row - [39, 37, 43, 46, 48]
Check 1: Not Safe Row - [53, 51, 57, 58, 59, 58]
Check 1: Not Safe Row - [23, 20, 21, 26, 26]
Check 1: Not Safe Row - [77, 74, 81, 84, 87, 91]
Check 1: Not Safe Row - [66, 63, 69, 72, 79]
Check 1: Not Safe Row - [27, 27, 30, 31, 33, 35, 36, 38]
Check 1: Not Safe Row - [30, 30, 33, 34, 36, 38, 41, 40]
Check 1: Not Safe Row - [56, 56, 57, 58, 58]
Check 1: Not Safe Row - [75, 75, 76, 79, 83]
Check 1: Not Safe Row - [33, 33, 34, 35, 38, 40, 42, 49]
Check 1: Not Safe Row - [8, 8, 11, 14, 12, 14, 16, 18]
Check 1: Not Safe Row - [36, 36, 39, 41, 42, 44, 42, 40]
Check 1: Not Safe Row - [48, 48, 50, 51, 50, 52, 52]
Check 1: Not Safe Row - [20, 20, 18, 19, 22, 25, 29]
Check 1: Not Safe Row - [54, 54, 53, 56, 62]
Check 1: Not Safe Row - [68, 68, 68, 70, 72, 74, 76, 78]
Check 1: Not Safe Row - [22, 22, 22, 24, 25, 28, 27]
Check 1: Not Safe Row - [93, 93, 93, 95, 95]
Check 1: Not Safe Row - [70, 70, 70, 72, 74, 77, 79, 83]
Check 1: Not Safe Row - [79, 79, 80, 82, 82, 83, 85, 92]
Check 1: Not Safe Row - [52, 52, 56, 59, 61]
Check 1: Not Safe Row - [1, 1, 4, 7, 10, 12, 16, 15]
Check 1: Not Safe Row - [41, 41, 43, 47, 47]
Check 1: Not Safe Row - [39, 39, 43, 44, 46, 48, 49, 53]
Check 1: Not Safe Row - [38, 38, 41, 45, 50]
Check 1: Not Safe Row - [71, 71, 72, 75, 81, 83, 84, 87]
Check 1: Not Safe Row - [79, 79, 85, 87, 88, 86]
Check 1: Not Safe Row - [29, 29, 31, 37, 37]
Check 1: Not Safe Row - [41, 41, 43, 46, 48, 51, 57, 61]
Check 1: Not Safe Row - [62, 62, 63, 65, 70, 71, 74, 79]
Check 2: Not Safe Row - [39, 43, 46, 49, 50, 52]
Check 1: Not Safe Row - [37, 41, 42, 45, 48, 47]
Check 1: Not Safe Row - [4, 8, 9, 12, 14, 14]
Check 2: Not Safe Row - [26, 30, 31, 34, 36, 37, 39, 43]
Check 2: Not Safe Row - [1, 5, 7, 9, 12, 14, 15, 20]
Check 1: Not Safe Row - [18, 22, 25, 27, 24, 26, 28]
Check 1: Not Safe Row - [35, 39, 40, 42, 43, 41, 44, 43]
Check 1: Not Safe Row - [69, 73, 71, 73, 74, 76, 76]
Check 1: Not Safe Row - [6, 10, 12, 13, 12, 14, 16, 20]
Check 1: Not Safe Row - [77, 81, 82, 81, 84, 89]
Check 1: Not Safe Row - [37, 41, 41, 44, 46, 48, 49, 50]
Check 1: Not Safe Row - [47, 51, 52, 53, 53, 56, 54]
Check 1: Not Safe Row - [7, 11, 12, 13, 15, 15, 16, 16]
Check 1: Not Safe Row - [51, 55, 56, 58, 61, 63, 63, 67]
Check 1: Not Safe Row - [55, 59, 59, 60, 62, 64, 66, 71]
Check 2: Not Safe Row - [47, 51, 52, 55, 57, 58, 62, 64]
Check 1: Not Safe Row - [23, 27, 31, 32, 34, 36, 34]
Check 1: Not Safe Row - [75, 79, 83, 84, 87, 87]
Check 2: Not Safe Row - [20, 24, 25, 27, 31, 35]
Check 2: Not Safe Row - [62, 66, 70, 72, 78]
Check 2: Not Safe Row - [4, 8, 9, 11, 18, 20, 23]
Check 1: Not Safe Row - [65, 69, 71, 76, 77, 79, 78]
Check 1: Not Safe Row - [43, 47, 48, 53, 56, 57, 59, 59]
Check 2: Not Safe Row - [36, 40, 43, 46, 51, 55]
Check 2: Not Safe Row - [14, 18, 21, 24, 29, 34]
Check 2: Not Safe Row - [44, 50, 51, 54, 56]
Check 1: Not Safe Row - [1, 6, 9, 10, 11, 14, 13]
Check 1: Not Safe Row - [24, 30, 31, 34, 37, 38, 41, 41]
Check 2: Not Safe Row - [11, 18, 21, 22, 26]
Check 2: Not Safe Row - [50, 56, 59, 60, 62, 68]
Check 1: Not Safe Row - [21, 26, 25, 27, 30]
Check 1: Not Safe Row - [37, 44, 41, 44, 41]
Check 1: Not Safe Row - [61, 66, 67, 70, 68, 68]
Check 1: Not Safe Row - [89, 94, 91, 92, 94, 95, 99]
Check 1: Not Safe Row - [53, 60, 63, 61, 62, 68]
Check 1: Not Safe Row - [8, 15, 16, 16, 17, 18]
Check 1: Not Safe Row - [64, 70, 70, 73, 76, 75]
Check 1: Not Safe Row - [74, 81, 81, 83, 83]
Check 1: Not Safe Row - [10, 16, 19, 19, 22, 26]
Check 1: Not Safe Row - [57, 63, 63, 64, 70]
Check 2: Not Safe Row - [53, 59, 62, 63, 66, 70, 73]
Check 1: Not Safe Row - [6, 13, 17, 19, 17]
Check 1: Not Safe Row - [16, 22, 24, 28, 29, 31, 31]
Check 2: Not Safe Row - [65, 70, 72, 76, 80]
Check 2: Not Safe Row - [56, 63, 64, 67, 71, 73, 80]
Check 2: Not Safe Row - [65, 72, 74, 76, 78, 84, 87]
Check 1: Not Safe Row - [37, 42, 47, 49, 50, 48]
Check 1: Not Safe Row - [63, 69, 72, 77, 78, 79, 79]
Check 2: Not Safe Row - [67, 73, 76, 83, 87]
Check 2: Not Safe Row - [59, 66, 68, 73, 79]
Check 1: Not Safe Row - [35, 33, 32, 29, 31]
Check 1: Not Safe Row - [29, 26, 25, 24, 22, 20, 20]
Check 2: Not Safe Row - [53, 52, 51, 48, 44]
Check 2: Not Safe Row - [42, 39, 37, 34, 33, 31, 26]
Check 1: Not Safe Row - [14, 12, 9, 8, 5, 3, 4, 1]
Check 1: Not Safe Row - [89, 87, 89, 88, 86, 88]
Check 1: Not Safe Row - [50, 47, 48, 45, 42, 40, 39, 39]
Check 1: Not Safe Row - [22, 20, 17, 20, 17, 13]
Check 1: Not Safe Row - [86, 84, 87, 85, 82, 75]
Check 1: Not Safe Row - [86, 84, 82, 81, 80, 80, 78]
Check 1: Not Safe Row - [20, 19, 17, 15, 13, 10, 10, 13]
Check 1: Not Safe Row - [14, 13, 12, 12, 12]
Check 1: Not Safe Row - [85, 82, 82, 79, 77, 74, 71, 67]
Check 1: Not Safe Row - [77, 74, 74, 72, 65]
Check 2: Not Safe Row - [21, 18, 15, 12, 10, 6, 5]
Check 1: Not Safe Row - [22, 20, 19, 17, 13, 10, 7, 9]
Check 1: Not Safe Row - [61, 60, 57, 56, 52, 52]
Check 2: Not Safe Row - [74, 72, 69, 65, 63, 60, 59, 55]
Check 2: Not Safe Row - [74, 73, 71, 70, 66, 63, 61, 55]
Check 2: Not Safe Row - [79, 78, 75, 68, 66, 65, 63]
Check 1: Not Safe Row - [21, 19, 16, 13, 6, 7]
Check 1: Not Safe Row - [91, 89, 82, 81, 78, 77, 74, 74]
Check 2: Not Safe Row - [57, 55, 54, 52, 47, 43]
Check 2: Not Safe Row - [82, 79, 78, 75, 68, 66, 60]
Check 1: Not Safe Row - [79, 82, 80, 78, 76]
Check 1: Not Safe Row - [89, 91, 90, 89, 88, 89]
Check 1: Not Safe Row - [22, 23, 21, 20, 20]
Check 1: Not Safe Row - [90, 92, 90, 89, 85]
Check 1: Not Safe Row - [86, 89, 86, 85, 84, 79]
Check 1: Not Safe Row - [80, 83, 85, 82, 80]
Check 1: Not Safe Row - [59, 60, 58, 55, 57, 59]
Check 1: Not Safe Row - [59, 60, 61, 59, 58, 57, 57]
Check 1: Not Safe Row - [28, 30, 28, 29, 27, 23]
Check 1: Not Safe Row - [5, 7, 5, 8, 1]
Check 1: Not Safe Row - [12, 14, 14, 11, 9, 7]
Check 1: Not Safe Row - [17, 20, 17, 17, 18]
Check 1: Not Safe Row - [27, 30, 30, 27, 24, 24]
Check 1: Not Safe Row - [24, 27, 26, 26, 24, 22, 18]
Check 1: Not Safe Row - [21, 23, 21, 18, 15, 15, 8]
Check 1: Not Safe Row - [33, 35, 31, 28, 27, 24, 21]
Check 1: Not Safe Row - [60, 62, 58, 57, 58]
Check 1: Not Safe Row - [9, 11, 8, 7, 5, 1, 1]
Check 1: Not Safe Row - [51, 54, 50, 47, 43]
Check 1: Not Safe Row - [61, 63, 60, 58, 56, 52, 50, 45]
Check 1: Not Safe Row - [90, 91, 88, 81, 79, 78, 77]
Check 1: Not Safe Row - [53, 56, 55, 48, 45, 48]
Check 1: Not Safe Row - [31, 32, 31, 26, 24, 21, 18, 18]
Check 1: Not Safe Row - [31, 34, 32, 25, 23, 19]
Check 1: Not Safe Row - [17, 18, 11, 8, 3]
Check 1: Not Safe Row - [95, 95, 93, 90, 87, 84, 81, 80]
Check 1: Not Safe Row - [92, 92, 91, 89, 87, 85, 87]
Check 1: Not Safe Row - [64, 64, 62, 61, 58, 58]
Check 1: Not Safe Row - [14, 14, 11, 8, 6, 2]
Check 1: Not Safe Row - [81, 81, 80, 78, 72]
Check 1: Not Safe Row - [24, 24, 22, 20, 23, 20]
Check 1: Not Safe Row - [73, 73, 70, 72, 70, 73]
Check 1: Not Safe Row - [50, 50, 49, 46, 48, 48]
Check 1: Not Safe Row - [28, 28, 26, 28, 24]
Check 1: Not Safe Row - [81, 81, 84, 81, 75]
Check 1: Not Safe Row - [91, 91, 89, 89, 87, 85, 82]
Check 1: Not Safe Row - [32, 32, 32, 30, 28, 29]
Check 1: Not Safe Row - [33, 33, 32, 29, 26, 26, 26]
Check 1: Not Safe Row - [82, 82, 82, 81, 77]
Check 1: Not Safe Row - [56, 56, 55, 52, 52, 50, 47, 42]
Check 1: Not Safe Row - [29, 29, 25, 23, 22, 19, 16]
Check 1: Not Safe Row - [55, 55, 52, 49, 45, 42, 44]
Check 1: Not Safe Row - [85, 85, 81, 78, 78]
Check 1: Not Safe Row - [19, 19, 16, 13, 9, 8, 5, 1]
Check 1: Not Safe Row - [29, 29, 26, 24, 20, 19, 14]
Check 1: Not Safe Row - [99, 99, 96, 90, 87, 84]
Check 1: Not Safe Row - [27, 27, 21, 18, 15, 18]
Check 1: Not Safe Row - [50, 50, 43, 40, 40]
Check 1: Not Safe Row - [65, 65, 63, 62, 61, 56, 52]
Check 1: Not Safe Row - [37, 37, 30, 29, 23]
Check 2: Not Safe Row - [82, 78, 77, 76, 73, 72, 71]
Check 1: Not Safe Row - [58, 54, 52, 51, 48, 47, 44, 47]
Check 1: Not Safe Row - [29, 25, 22, 21, 18, 17, 15, 15]
Check 2: Not Safe Row - [67, 63, 62, 61, 59, 56, 52]
Check 2: Not Safe Row - [38, 34, 32, 29, 22]
Check 1: Not Safe Row - [86, 82, 81, 79, 81, 80, 78, 76]
Check 1: Not Safe Row - [49, 45, 46, 44, 46]
Check 1: Not Safe Row - [94, 90, 92, 89, 88, 88]
Check 1: Not Safe Row - [39, 35, 36, 35, 34, 31, 30, 26]
Check 1: Not Safe Row - [84, 80, 77, 76, 79, 78, 76, 71]
Check 1: Not Safe Row - [16, 12, 9, 9, 8, 5]
Check 1: Not Safe Row - [57, 53, 51, 51, 52]
Check 1: Not Safe Row - [26, 22, 22, 19, 16, 14, 13, 13]
Check 1: Not Safe Row - [62, 58, 57, 57, 56, 53, 49]
Check 1: Not Safe Row - [54, 50, 48, 45, 45, 42, 35]
Check 2: Not Safe Row - [70, 66, 62, 60, 58, 55, 53]
Check 1: Not Safe Row - [45, 41, 37, 36, 33, 32, 34]
Check 1: Not Safe Row - [39, 35, 32, 28, 26, 23, 23]
Check 2: Not Safe Row - [94, 90, 86, 83, 82, 79, 75]
Check 2: Not Safe Row - [73, 69, 65, 63, 62, 55]
Check 2: Not Safe Row - [98, 94, 93, 90, 83, 80]
Check 1: Not Safe Row - [80, 76, 74, 73, 71, 66, 65, 66]
Check 1: Not Safe Row - [75, 71, 68, 65, 58, 55, 55]
Check 2: Not Safe Row - [21, 17, 15, 14, 9, 8, 5, 1]
Check 2: Not Safe Row - [72, 68, 62, 59, 58, 56, 50]
Check 2: Not Safe Row - [89, 83, 81, 79, 78, 77, 75]
Check 1: Not Safe Row - [67, 60, 57, 54, 52, 50, 49, 51]
Check 1: Not Safe Row - [74, 68, 67, 64, 61, 61]
Check 2: Not Safe Row - [99, 94, 91, 90, 89, 85]
Check 2: Not Safe Row - [68, 63, 62, 61, 60, 57, 54, 47]
Check 1: Not Safe Row - [71, 65, 63, 60, 61, 58, 56, 53]
Check 1: Not Safe Row - [43, 36, 33, 32, 33, 35]
Check 1: Not Safe Row - [20, 15, 14, 16, 16]
Check 1: Not Safe Row - [23, 18, 20, 18, 17, 13]
Check 1: Not Safe Row - [32, 27, 24, 23, 26, 25, 19]
Check 1: Not Safe Row - [69, 64, 64, 61, 60, 57, 54, 51]
Check 1: Not Safe Row - [27, 20, 17, 17, 19]
Check 1: Not Safe Row - [80, 75, 75, 72, 69, 66, 66]
Check 1: Not Safe Row - [99, 92, 91, 90, 90, 89, 85]
Check 1: Not Safe Row - [74, 68, 68, 65, 63, 56]
Check 2: Not Safe Row - [64, 59, 56, 53, 52, 49, 45, 44]
Check 1: Not Safe Row - [94, 89, 86, 84, 80, 83]
Check 1: Not Safe Row - [34, 27, 23, 20, 19, 18, 18]
Check 2: Not Safe Row - [41, 34, 32, 28, 27, 26, 24, 20]
Check 2: Not Safe Row - [70, 65, 64, 63, 61, 57, 51]
Check 2: Not Safe Row - [50, 43, 42, 40, 39, 34, 33, 32]
Check 1: Not Safe Row - [79, 72, 67, 65, 66]
Check 1: Not Safe Row - [76, 70, 68, 67, 62, 59, 59]
Check 2: Not Safe Row - [19, 12, 7, 6, 2]
Check 2: Not Safe Row - [35, 29, 26, 25, 18, 13]
Check 1: Not Safe Row - [32, 30, 29, 28, 25, 25]
Check 2: Not Safe Row - [65, 68, 70, 73, 75, 77, 80, 84]
Check 1: Not Safe Row - [80, 80, 77, 80, 82]
Check 1: Not Safe Row - [88, 90, 88, 86, 83, 80, 80, 76]
Check 1: Not Safe Row - [70, 72, 75, 73, 74]
Check 2: Not Safe Row - [14, 10, 9, 6, 4, 3, 2, 1]
Check 1: Not Safe Row - [84, 85, 84, 82, 79, 79, 78]
Check 1: Not Safe Row - [62, 60, 61, 63, 64, 63, 64, 66]
Check 1: Not Safe Row - [85, 89, 91, 94, 94, 96]
Check 1: Not Safe Row - [22, 22, 26, 27, 28, 28]
Check 1: Not Safe Row - [46, 46, 44, 43, 39, 37, 32]
Check 1: Not Safe Row - [43, 49, 50, 53, 52, 54, 58]
Check 1: Not Safe Row - [65, 66, 65, 61, 56]
Check 1: Not Safe Row - [31, 35, 41, 42, 39]
Check 1: Not Safe Row - [32, 29, 26, 24, 21, 20, 16, 16]
Check 2: Not Safe Row - [19, 14, 11, 10, 9, 5]
Check 1: Not Safe Row - [16, 20, 23, 30, 30]
Check 1: Not Safe Row - [1, 1, 3, 7, 10]
Check 1: Not Safe Row - [24, 22, 20, 23, 20, 16]
Check 1: Not Safe Row - [15, 14, 16, 19, 20, 21, 20]
Check 1: Not Safe Row - [53, 53, 49, 48, 51]
Check 1: Not Safe Row - [57, 57, 54, 51, 48, 50]
Check 1: Not Safe Row - [89, 85, 85, 84, 80]
Check 2: Not Safe Row - [57, 55, 50, 47, 46, 42]
Check 1: Not Safe Row - [26, 29, 28, 25, 25, 23, 17]
Check 1: Not Safe Row - [16, 18, 16, 11, 10]
Check 1: Not Safe Row - [6, 13, 13, 16, 21]
Check 1: Not Safe Row - [88, 88, 90, 91, 93, 93, 95, 92]
Check 2: Not Safe Row - [20, 16, 13, 11, 7]
Check 1: Not Safe Row - [26, 33, 35, 36, 37, 40, 39]
Check 1: Not Safe Row - [30, 25, 23, 21, 19, 17, 19, 13]
Check 1: Not Safe Row - [26, 26, 29, 32, 33, 40, 42, 46]
Check 2: Not Safe Row - [69, 63, 59, 57, 55, 50]
Check 1: Not Safe Row - [90, 93, 90, 89, 86, 86]
Check 2: Not Safe Row - [74, 78, 81, 84, 88]
Check 1: Not Safe Row - [39, 40, 40, 42, 46]
Check 1: Not Safe Row - [87, 84, 84, 83, 81, 79]
Check 2: Not Safe Row - [77, 72, 68, 65, 64, 62]
Check 1: Not Safe Row - [41, 41, 39, 42, 44]
Check 1: Not Safe Row - [82, 82, 85, 92, 98]
Check 1: Not Safe Row - [11, 11, 8, 6, 4, 4]
Check 1: Not Safe Row - [89, 83, 82, 84, 83, 80]
Check 1: Not Safe Row - [5, 3, 7, 8, 11, 8]
Check 1: Not Safe Row - [36, 41, 44, 44, 48]
Check 2: Not Safe Row - [26, 19, 17, 15, 13, 12, 10, 7]
Check 1: Not Safe Row - [52, 49, 50, 49, 48, 47]
Check 1: Not Safe Row - [26, 32, 32, 33, 33]
Check 1: Not Safe Row - [38, 42, 45, 46, 46, 46]
Check 1: Not Safe Row - [66, 69, 66, 63, 64]
Check 2: Not Safe Row - [37, 42, 43, 44, 47, 48, 51]
Check 1: Not Safe Row - [75, 75, 73, 70, 66, 62]
Check 1: Not Safe Row - [97, 93, 86, 85, 85]
Check 1: Not Safe Row - [63, 63, 66, 69, 71, 73, 75, 82]
Check 1: Not Safe Row - [20, 16, 15, 13, 13]
Check 1: Not Safe Row - [77, 77, 76, 73, 73, 71, 70]
Check 1: Not Safe Row - [12, 16, 17, 15, 16, 21]
Check 1: Not Safe Row - [68, 65, 58, 57, 57]
Check 1: Not Safe Row - [56, 56, 60, 63, 60]
Check 1: Not Safe Row - [16, 16, 19, 16, 14, 13, 10, 7]
Check 1: Not Safe Row - [59, 55, 54, 50, 53]
Check 2: Not Safe Row - [43, 39, 33, 31, 30]
Check 1: Not Safe Row - [79, 80, 78, 78, 79]
Check 1: Not Safe Row - [49, 47, 46, 44, 41, 41, 41]
Check 1: Not Safe Row - [23, 25, 23, 21, 20, 17, 19, 19]
Check 1: Not Safe Row - [28, 35, 38, 41, 42, 42, 44]
Check 1: Not Safe Row - [56, 60, 62, 60, 64]
Check 1: Not Safe Row - [18, 18, 20, 19, 19]
Check 1: Not Safe Row - [75, 74, 78, 79, 80, 83, 83]
Check 1: Not Safe Row - [58, 55, 53, 47, 44, 45]
Check 1: Not Safe Row - [24, 24, 23, 21, 17, 16, 16]
Check 1: Not Safe Row - [27, 20, 19, 15, 12, 11, 8, 9]
Check 2: Not Safe Row - [59, 56, 53, 51, 49, 47, 43, 39]
Check 1: Not Safe Row - [64, 64, 62, 61, 54, 52, 55]
Check 1: Not Safe Row - [66, 66, 71, 74, 75, 77, 78, 75]
Check 1: Not Safe Row - [77, 77, 76, 69, 66, 64, 57]
Check 1: Not Safe Row - [30, 28, 29, 32, 38, 40]
Check 1: Not Safe Row - [72, 71, 72, 73, 75, 76, 77, 77]
Check 1: Not Safe Row - [81, 80, 83, 81, 83]
Check 1: Not Safe Row - [40, 40, 39, 37, 36, 35, 34, 32]
Check 1: Not Safe Row - [52, 52, 55, 54, 56, 59, 65]
Check 1: Not Safe Row - [18, 15, 18, 19, 21, 28]
Check 1: Not Safe Row - [48, 46, 49, 47, 48, 48]
Check 1: Not Safe Row - [51, 47, 45, 43, 45]
Check 1: Not Safe Row - [16, 19, 19, 20, 22, 25, 27, 29]
Check 1: Not Safe Row - [8, 12, 11, 14, 17, 20]
Check 1: Not Safe Row - [77, 82, 85, 86, 85, 88, 94]
Check 1: Not Safe Row - [47, 44, 49, 52, 53, 57]
Check 2: Not Safe Row - [64, 60, 55, 53, 46]
Check 1: Not Safe Row - [93, 92, 89, 87, 85, 81, 79, 80]
Check 1: Not Safe Row - [95, 92, 93, 96, 94, 97, 95]
Check 1: Not Safe Row - [93, 91, 91, 90, 86]
Check 1: Not Safe Row - [21, 15, 13, 11, 12, 14]
Check 1: Not Safe Row - [25, 26, 25, 22, 21, 18, 14]
Check 1: Not Safe Row - [41, 41, 39, 38, 33, 29]
Check 1: Not Safe Row - [18, 22, 26, 29, 27]
Check 1: Not Safe Row - [88, 86, 89, 91, 91, 98]
Check 1: Not Safe Row - [55, 55, 55, 53, 51, 49, 49]
Check 1: Not Safe Row - [32, 35, 32, 33, 30]
Check 1: Not Safe Row - [61, 60, 60, 57, 56, 51]
Check 1: Not Safe Row - [12, 11, 14, 13, 15, 19]
Check 1: Not Safe Row - [68, 64, 64, 62, 61, 61]
Check 2: Not Safe Row - [20, 27, 30, 36, 39, 41]
Check 1: Not Safe Row - [17, 17, 19, 23, 24, 26, 33]
Check 1: Not Safe Row - [51, 49, 50, 51, 55, 56, 60]
Check 1: Not Safe Row - [21, 16, 15, 12, 11, 8, 11]
Check 1: Not Safe Row - [36, 35, 38, 43, 44, 44]
Check 1: Not Safe Row - [18, 18, 20, 26, 26]
Check 1: Not Safe Row - [24, 29, 31, 34, 34, 36, 33]
Check 1: Not Safe Row - [75, 76, 74, 72, 71, 71, 71]
Check 1: Not Safe Row - [88, 88, 87, 85, 80, 78]
Check 2: Not Safe Row - [74, 73, 72, 68, 67, 65, 64, 57]
Check 1: Not Safe Row - [74, 67, 67, 64, 63, 58]
Check 1: Not Safe Row - [71, 70, 73, 74, 77]
Check 2: Not Safe Row - [69, 63, 60, 57, 55, 50]
Check 2: Not Safe Row - [3, 5, 11, 12, 14, 19]
Check 1: Not Safe Row - [64, 68, 70, 71, 69]
Check 1: Not Safe Row - [40, 36, 35, 38, 36, 34]
Check 1: Not Safe Row - [38, 39, 35, 32, 31, 30, 27, 24]
Check 1: Not Safe Row - [59, 58, 60, 63, 67, 68, 75]
Check 1: Not Safe Row - [80, 78, 77, 76, 77, 77]
Check 1: Not Safe Row - [72, 79, 81, 82, 84, 90, 92, 91]
Check 1: Not Safe Row - [46, 39, 39, 37, 38]
Check 1: Not Safe Row - [10, 17, 18, 19, 21, 21]
Check 1: Not Safe Row - [67, 73, 74, 73, 74, 72]
Check 1: Not Safe Row - [57, 57, 55, 58, 54]
Check 1: Not Safe Row - [57, 59, 61, 61, 63, 66, 65]
Check 1: Not Safe Row - [6, 10, 10, 11, 14, 19]
Check 1: Not Safe Row - [6, 7, 10, 11, 15, 16, 19, 19]
Check 2: Not Safe Row - [60, 62, 63, 66, 73]
Check 1: Not Safe Row - [26, 19, 19, 16, 14, 14]
Check 2: Not Safe Row - [28, 32, 39, 42, 44, 46]
Check 2: Not Safe Row - [78, 84, 85, 92, 96]
Check 1: Not Safe Row - [52, 52, 56, 58, 60, 64]
Check 1: Not Safe Row - [46, 44, 50, 53, 59]
Check 2: Not Safe Row - [56, 52, 49, 47, 46, 42, 39, 36]
Check 1: Not Safe Row - [32, 32, 34, 35, 36, 38, 41, 38]
Check 2: Not Safe Row - [38, 32, 29, 23, 21]
Check 2: Not Safe Row - [70, 71, 76, 79, 80, 82, 83, 87]
Check 1: Not Safe Row - [40, 36, 35, 32, 34, 31, 32]
Check 2: Not Safe Row - [51, 57, 60, 64, 65, 67, 70]
Check 1: Not Safe Row - [31, 31, 32, 33, 32, 33, 33]
Check 1: Not Safe Row - [37, 38, 36, 30, 26]
Check 2: Not Safe Row - [71, 67, 65, 60, 58, 55, 51]
Check 1: Not Safe Row - [84, 80, 80, 77, 74, 75]
Check 1: Not Safe Row - [32, 38, 35, 36, 39, 42]
Check 1: Not Safe Row - [60, 60, 62, 63, 63, 66, 73]
Check 1: Not Safe Row - [42, 42, 43, 46, 49]
Check 1: Not Safe Row - [58, 59, 56, 53, 52, 50, 47]
Check 1: Not Safe Row - [67, 67, 64, 58, 56, 53, 52, 52]
Check 2: Not Safe Row - [42, 48, 50, 54, 58]
Check 1: Not Safe Row - [80, 83, 78, 77, 76, 75, 73, 67]
Check 1: Not Safe Row - [77, 78, 74, 71, 72]
Check 2: Not Safe Row - [48, 50, 52, 54, 61, 63, 65, 66]
Check 1: Not Safe Row - [46, 50, 51, 54, 54, 56, 54]
Check 2: Not Safe Row - [20, 24, 25, 28, 31, 38]
Check 1: Not Safe Row - [46, 48, 49, 50, 53, 53]
Check 1: Not Safe Row - [21, 18, 20, 21, 25, 26, 29]
Check 1: Not Safe Row - [54, 60, 64, 67, 69, 71, 71]
Check 1: Not Safe Row - [67, 60, 53, 51, 50, 49, 48, 48]
Check 1: Not Safe Row - [44, 45, 45, 46, 47, 48, 50, 57]
Check 1: Not Safe Row - [55, 58, 61, 61, 62, 64, 65, 65]
Check 1: Not Safe Row - [49, 48, 48, 51, 52, 54, 55, 59]
Check 2: Not Safe Row - [38, 34, 32, 28, 24]
Check 2: Not Safe Row - [78, 82, 85, 87, 89, 92, 94, 95]
Check 1: Not Safe Row - [35, 31, 29, 28, 31, 27]
Check 1: Not Safe Row - [71, 72, 73, 70, 70]
Check 2: Not Safe Row - [54, 50, 46, 44, 43, 37]
Check 1: Not Safe Row - [29, 22, 17, 16, 17]
Check 2: Not Safe Row - [58, 59, 60, 64, 67, 71]
Check 1: Not Safe Row - [21, 25, 26, 27, 27]
Check 1: Not Safe Row - [19, 23, 25, 28, 29, 26, 29, 27]
Check 1: Not Safe Row - [77, 77, 79, 81, 81, 82, 82]
Check 1: Not Safe Row - [34, 34, 32, 29, 27, 25, 21, 20]
Check 1: Not Safe Row - [22, 29, 31, 33, 36, 34, 37, 37]
Check 2: Not Safe Row - [14, 20, 23, 26, 33]
Check 2: Not Safe Row - [40, 37, 34, 30, 29]
Check 1: Not Safe Row - [85, 89, 91, 90, 92, 92]
Check 1: Not Safe Row - [65, 64, 67, 68, 70, 72, 73, 77]
Check 1: Not Safe Row - [63, 63, 66, 71, 72, 73]
Check 1: Not Safe Row - [15, 13, 16, 16, 19, 22]
Check 1: Not Safe Row - [11, 13, 9, 7, 7]
Check 1: Not Safe Row - [88, 88, 88, 89, 90, 93, 94]
Check 1: Not Safe Row - [89, 89, 88, 88, 86, 85, 84, 87]
Check 1: Not Safe Row - [2, 1, 2, 3, 3, 5, 5]
Check 1: Not Safe Row - [61, 63, 70, 72, 73, 73]
Check 1: Not Safe Row - [53, 48, 47, 50, 48, 47, 46, 42]
Check 2: Not Safe Row - [37, 41, 44, 48, 53]
Check 1: Not Safe Row - [47, 50, 48, 44, 43, 40, 36]
Check 2: Not Safe Row - [19, 24, 25, 31, 37]
Check 1: Not Safe Row - [70, 70, 69, 67, 65, 65, 61]
Check 1: Not Safe Row - [38, 44, 45, 48, 54, 57, 58, 58]
Check 1: Not Safe Row - [54, 49, 46, 44, 42, 38, 38]
Check 1: Not Safe Row - [81, 82, 84, 86, 91, 92, 91]
Check 2: Not Safe Row - [15, 13, 12, 10, 9, 6, 2]
Check 2: Not Safe Row - [51, 56, 59, 60, 61, 65]
Check 1: Not Safe Row - [44, 45, 44, 41, 34]
Check 1: Not Safe Row - [75, 77, 74, 75, 77, 76]
Check 1: Not Safe Row - [51, 45, 44, 41, 39, 37, 37]
Check 1: Not Safe Row - [19, 23, 27, 29, 30, 30]
Check 2: Not Safe Row - [89, 85, 83, 81, 80, 79, 73]
Check 1: Not Safe Row - [18, 19, 12, 10, 9, 7, 5, 6]
Check 2: Not Safe Row - [41, 40, 34, 32, 29, 28]
Check 1: Not Safe Row - [88, 84, 80, 78, 77, 76, 76]
Check 1: Not Safe Row - [86, 89, 86, 85, 83, 85, 83, 79]
Check 1: Not Safe Row - [43, 43, 44, 43, 44, 45, 48, 52]
Check 2: Not Safe Row - [74, 68, 62, 61, 60, 57, 55, 49]
Check 1: Not Safe Row - [60, 60, 63, 63, 67]
Check 2: Not Safe Row - [13, 17, 19, 21, 27, 31]
Check 1: Not Safe Row - [41, 41, 39, 39, 36, 29]
Check 1: Not Safe Row - [85, 85, 82, 79, 72]
Check 1: Not Safe Row - [61, 59, 57, 54, 53, 55]
Check 1: Not Safe Row - [59, 55, 54, 54, 53, 50]
Check 1: Not Safe Row - [80, 79, 79, 77, 74, 76]
Check 1: Not Safe Row - [24, 21, 23, 29, 28]
Check 1: Not Safe Row - [1, 7, 8, 10, 14, 13]
Check 1: Not Safe Row - [95, 95, 94, 97, 94, 89]
Check 2: Not Safe Row - [79, 77, 75, 74, 67, 64, 58]
Check 1: Not Safe Row - [5, 6, 8, 5, 7, 8, 10, 16]
Check 2: Not Safe Row - [44, 41, 39, 37, 36, 35, 28]
Check 1: Not Safe Row - [64, 67, 71, 74, 75, 78, 77]
Check 1: Not Safe Row - [49, 49, 48, 47, 45, 42, 38]
Check 1: Not Safe Row - [63, 59, 58, 58, 56, 51]
Check 1: Not Safe Row - [26, 26, 25, 28, 30, 29]
Check 1: Not Safe Row - [77, 77, 79, 82, 82]
Check 2: Not Safe Row - [11, 18, 19, 23, 30]
Check 1: Not Safe Row - [17, 14, 11, 13, 8]
Check 2: Not Safe Row - [98, 92, 91, 90, 87, 85, 81, 77]
Check 1: Not Safe Row - [65, 62, 65, 63, 65, 72]
Check 2: Not Safe Row - [11, 15, 16, 21, 28]
Check 1: Not Safe Row - [95, 93, 95, 95, 96, 98, 97]
Check 1: Not Safe Row - [87, 80, 79, 76, 75, 75, 72]
Check 1: Not Safe Row - [66, 67, 66, 59, 58, 55, 55]
Check 2: Not Safe Row - [24, 19, 13, 10, 9, 6, 5, 1]
Check 1: Not Safe Row - [4, 8, 8, 11, 15]
Check 1: Not Safe Row - [72, 73, 76, 74, 73, 68]
Check 1: Not Safe Row - [95, 91, 89, 87, 90, 90]
Check 1: Not Safe Row - [1, 2, 5, 3, 4, 7]
Check 1: Not Safe Row - [60, 55, 52, 52, 49, 45]
Check 1: Not Safe Row - [62, 55, 54, 51, 52, 52]
Check 2: Not Safe Row - [7, 11, 13, 15, 17, 21, 25]
Check 2: Not Safe Row - [2, 4, 5, 7, 11, 12, 14]
Check 2: Not Safe Row - [60, 62, 63, 64, 67, 68, 72, 79]
Check 1: Not Safe Row - [8, 8, 9, 10, 11, 13, 17]
Check 1: Not Safe Row - [83, 79, 77, 78, 75, 70]
Check 1: Not Safe Row - [73, 69, 62, 61, 59, 57, 60]
Check 1: Not Safe Row - [75, 77, 80, 83, 82]
Check 1: Not Safe Row - [47, 50, 51, 52, 51, 55]
Bad reports: 743
Good reports: 257
